<?xml version="1.0" encoding="UTF-8"?>
<!-- Generated by org.testng.reporters.JUnitXMLReporter -->
<testsuite hostname="lathabp-ThinkPad-L470-W10DG" name="Default test" tests="3" failures="0" timestamp="24 Jun 2019 11:53:26 GMT" time="5.898" errors="0">
  <testcase name="postBoard" time="2.512" classname="com.qa.tests.GetApiTest"/>
  <testcase name="getAPITestWithoutHeaders" time="0.533" classname="com.qa.tests.GetApiTest"/>
  <testcase name="AddLableToCard" time="2.818" classname="com.qa.tests.GetApiTest"/>
</testsuite> <!-- Default test -->
